<?xml version="1.0" encoding="UTF-8"?>
<!-- Generated by org.testng.reporters.JUnitXMLReporter -->
<testsuite ignored="0" hostname="SSPL-LPTP-374" failures="4" tests="9" name="Test" time="4.322" errors="0" timestamp="2025-05-09T15:59:39 IST">
  <testcase classname="testcaseslibrary.AddBookPostAPIDataProvider" name="addbook" time="1.747"/>
  <testcase classname="testcaseslibrary.AddBookPostAPIDataProvider" name="addbook" time="0.118"/>
  <testcase classname="testcaseslibrary.AddBookPostAPIDataProvider" name="getCreatedLibraryBookValidation" time="0.285"/>
  <testcase classname="testcasesgooglemap.GoogleAPIPostValidations" name="validateAPITestOne" time="0.505"/>
  <testcase classname="testcaseslibrary.AddBookPostAPIDataProviderUsingExcel" name="addbook" time="0.094">
    <failure type="io.restassured.path.json.exception.JsonPathException" message="Failed to parse the JSON document">
      <![CDATA[io.restassured.path.json.exception.JsonPathException: Failed to parse the JSON document
at io.restassured.path.json.JsonPath$ExceptionCatcher.invoke(JsonPath.java:1002)
at io.restassured.path.json.JsonPath$4.doParseWith(JsonPath.java:967)
at io.restassured.path.json.JsonPath$JsonParser.parseWith(JsonPath.java:1047)
at io.restassured.path.json.JsonPath.get(JsonPath.java:202)
at io.restassured.path.json.JsonPath.getString(JsonPath.java:352)
at testcaseslibrary.AddBookPostAPIDataProviderUsingExcel.addbook(AddBookPostAPIDataProviderUsingExcel.java:32)
at java.base/java.util.ArrayList.forEach(ArrayList.java:1511)
Caused by: java.lang.IllegalArgumentException: The JSON input text should neither be null nor empty.
at org.codehaus.groovy.runtime.callsite.ConstructorSite$ConstructorSiteNoUnwrapNoCoerce.callConstructor(ConstructorSite.java:108)
at org.codehaus.groovy.runtime.callsite.CallSiteArray.defaultCallConstructor(CallSiteArray.java:57)
at org.codehaus.groovy.runtime.callsite.AbstractCallSite.callConstructor(AbstractCallSite.java:263)
at org.codehaus.groovy.runtime.callsite.AbstractCallSite.callConstructor(AbstractCallSite.java:277)
at io.restassured.internal.path.json.ConfigurableJsonSlurper.parseText(ConfigurableJsonSlurper.groovy:80)
at io.restassured.path.json.JsonPath$4$1.method(JsonPath.java:965)
at io.restassured.path.json.JsonPath$ExceptionCatcher.invoke(JsonPath.java:1000)
... 33 more
... Removed 33 stack frames]]>
    </failure>
  </testcase> <!-- addbook -->
  <testcase classname="testcaseslibrary.AddBookPostAPIDataProviderUsingExcel" name="addbook" time="0.097">
    <failure type="io.restassured.path.json.exception.JsonPathException" message="Failed to parse the JSON document">
      <![CDATA[io.restassured.path.json.exception.JsonPathException: Failed to parse the JSON document
at io.restassured.path.json.JsonPath$ExceptionCatcher.invoke(JsonPath.java:1002)
at io.restassured.path.json.JsonPath$4.doParseWith(JsonPath.java:967)
at io.restassured.path.json.JsonPath$JsonParser.parseWith(JsonPath.java:1047)
at io.restassured.path.json.JsonPath.get(JsonPath.java:202)
at io.restassured.path.json.JsonPath.getString(JsonPath.java:352)
at testcaseslibrary.AddBookPostAPIDataProviderUsingExcel.addbook(AddBookPostAPIDataProviderUsingExcel.java:32)
at java.base/java.util.ArrayList.forEach(ArrayList.java:1511)
Caused by: java.lang.IllegalArgumentException: The JSON input text should neither be null nor empty.
at org.codehaus.groovy.runtime.callsite.ConstructorSite$ConstructorSiteNoUnwrapNoCoerce.callConstructor(ConstructorSite.java:108)
at org.codehaus.groovy.runtime.callsite.AbstractCallSite.callConstructor(AbstractCallSite.java:277)
at io.restassured.internal.path.json.ConfigurableJsonSlurper.parseText(ConfigurableJsonSlurper.groovy:80)
at io.restassured.path.json.JsonPath$4$1.method(JsonPath.java:965)
at io.restassured.path.json.JsonPath$ExceptionCatcher.invoke(JsonPath.java:1000)
... 33 more
... Removed 33 stack frames]]>
    </failure>
  </testcase> <!-- addbook -->
  <testcase classname="testcaseslibrary.AddBookPostAPIDataProviderWithPOJO" name="addbook" time="0.378">
    <failure type="io.restassured.path.json.exception.JsonPathException" message="Failed to parse the JSON document">
      <![CDATA[io.restassured.path.json.exception.JsonPathException: Failed to parse the JSON document
at io.restassured.path.json.JsonPath$ExceptionCatcher.invoke(JsonPath.java:1002)
at io.restassured.path.json.JsonPath$4.doParseWith(JsonPath.java:967)
at io.restassured.path.json.JsonPath$JsonParser.parseWith(JsonPath.java:1047)
at io.restassured.path.json.JsonPath.get(JsonPath.java:202)
at io.restassured.path.json.JsonPath.getString(JsonPath.java:352)
at CommonUtilities.JsonConversionUtilities.getRawToJsonData(JsonConversionUtilities.java:10)
at testcaseslibrary.AddBookPostAPIDataProviderWithPOJO.addbook(AddBookPostAPIDataProviderWithPOJO.java:36)
at java.base/java.util.ArrayList.forEach(ArrayList.java:1511)
Caused by: java.lang.IllegalArgumentException: The JSON input text should neither be null nor empty.
at org.codehaus.groovy.runtime.callsite.ConstructorSite$ConstructorSiteNoUnwrapNoCoerce.callConstructor(ConstructorSite.java:108)
at org.codehaus.groovy.runtime.callsite.AbstractCallSite.callConstructor(AbstractCallSite.java:277)
at io.restassured.internal.path.json.ConfigurableJsonSlurper.parseText(ConfigurableJsonSlurper.groovy:80)
at io.restassured.path.json.JsonPath$4$1.method(JsonPath.java:965)
at io.restassured.path.json.JsonPath$ExceptionCatcher.invoke(JsonPath.java:1000)
... 34 more
... Removed 33 stack frames]]>
    </failure>
  </testcase> <!-- addbook -->
  <testcase classname="testcaseslibrary.AddBookPostAPIDataProviderWithPOJO" name="addbook" time="0.082">
    <failure type="io.restassured.path.json.exception.JsonPathException" message="Failed to parse the JSON document">
      <![CDATA[io.restassured.path.json.exception.JsonPathException: Failed to parse the JSON document
at io.restassured.path.json.JsonPath$ExceptionCatcher.invoke(JsonPath.java:1002)
at io.restassured.path.json.JsonPath$4.doParseWith(JsonPath.java:967)
at io.restassured.path.json.JsonPath$JsonParser.parseWith(JsonPath.java:1047)
at io.restassured.path.json.JsonPath.get(JsonPath.java:202)
at io.restassured.path.json.JsonPath.getString(JsonPath.java:352)
at CommonUtilities.JsonConversionUtilities.getRawToJsonData(JsonConversionUtilities.java:10)
at testcaseslibrary.AddBookPostAPIDataProviderWithPOJO.addbook(AddBookPostAPIDataProviderWithPOJO.java:36)
at java.base/java.util.ArrayList.forEach(ArrayList.java:1511)
Caused by: java.lang.IllegalArgumentException: The JSON input text should neither be null nor empty.
at org.codehaus.groovy.runtime.callsite.ConstructorSite$ConstructorSiteNoUnwrapNoCoerce.callConstructor(ConstructorSite.java:108)
at org.codehaus.groovy.runtime.callsite.AbstractCallSite.callConstructor(AbstractCallSite.java:277)
at io.restassured.internal.path.json.ConfigurableJsonSlurper.parseText(ConfigurableJsonSlurper.groovy:80)
at io.restassured.path.json.JsonPath$4$1.method(JsonPath.java:965)
at io.restassured.path.json.JsonPath$ExceptionCatcher.invoke(JsonPath.java:1000)
... 34 more
... Removed 33 stack frames]]>
    </failure>
  </testcase> <!-- addbook -->
  <testcase classname="testcaseslibrary.AddBookPostAPIDataProviderWithPOJO" name="getCreatedLibraryBookValidation" time="0.254"/>
</testsuite> <!-- Test -->
