<?xml version="1.0" encoding="UTF-8"?>
<testng-results ignored="0" total="4" passed="4" failed="0" skipped="0">
  <reporter-output>
  </reporter-output>
  <suite started-at="2025-05-13T13:06:46 IST" name="Default suite" finished-at="2025-05-13T13:06:50 IST" duration-ms="4281">
    <groups>
    </groups>
    <test started-at="2025-05-13T13:06:46 IST" name="Default test" finished-at="2025-05-13T13:06:50 IST" duration-ms="4281">
      <class name="academiatestcases.TC01AlumniNewsFeedValidation">
        <test-method signature="postalumninewsandfeeds()[pri:0, instance:academiatestcases.TC01AlumniNewsFeedValidation@1530c739]" started-at="2025-05-13T13:06:46 IST" name="postalumninewsandfeeds" finished-at="2025-05-13T13:06:48 IST" duration-ms="2106" status="PASS">
          <reporter-output>
          </reporter-output>
        </test-method> <!-- postalumninewsandfeeds -->
        <test-method signature="searchalumninewsandfeeds()[pri:0, instance:academiatestcases.TC01AlumniNewsFeedValidation@1530c739]" started-at="2025-05-13T13:06:48 IST" name="searchalumninewsandfeeds" finished-at="2025-05-13T13:06:49 IST" depends-on-methods="academiatestcases.TC01AlumniNewsFeedValidation.postalumninewsandfeeds" duration-ms="994" status="PASS">
          <reporter-output>
          </reporter-output>
        </test-method> <!-- searchalumninewsandfeeds -->
        <test-method signature="validatealumninewsandfeeds()[pri:0, instance:academiatestcases.TC01AlumniNewsFeedValidation@1530c739]" started-at="2025-05-13T13:06:49 IST" name="validatealumninewsandfeeds" finished-at="2025-05-13T13:06:50 IST" depends-on-methods="academiatestcases.TC01AlumniNewsFeedValidation.searchalumninewsandfeeds" duration-ms="577" status="PASS">
          <reporter-output>
          </reporter-output>
        </test-method> <!-- validatealumninewsandfeeds -->
        <test-method signature="editalumninewsandfeeds()[pri:0, instance:academiatestcases.TC01AlumniNewsFeedValidation@1530c739]" started-at="2025-05-13T13:06:50 IST" name="editalumninewsandfeeds" finished-at="2025-05-13T13:06:50 IST" depends-on-methods="academiatestcases.TC01AlumniNewsFeedValidation.validatealumninewsandfeeds" duration-ms="562" status="PASS">
          <reporter-output>
          </reporter-output>
        </test-method> <!-- editalumninewsandfeeds -->
      </class> <!-- academiatestcases.TC01AlumniNewsFeedValidation -->
    </test> <!-- Default test -->
  </suite> <!-- Default suite -->
</testng-results>
