<?xml version="1.0" encoding="UTF-8"?>
<testng-results ignored="0" total="5" passed="5" failed="0" skipped="0">
  <reporter-output>
  </reporter-output>
  <suite started-at="2025-05-13T16:40:36 IST" name="Default suite" finished-at="2025-05-13T16:40:41 IST" duration-ms="5076">
    <groups>
    </groups>
    <test started-at="2025-05-13T16:40:36 IST" name="Default test" finished-at="2025-05-13T16:40:41 IST" duration-ms="5076">
      <class name="academiatestcases.TC02ProgramTestCases">
        <test-method signature="creatNewProgram()[pri:0, instance:academiatestcases.TC02ProgramTestCases@7d0b7e3c]" started-at="2025-05-13T16:40:36 IST" name="creatNewProgram" finished-at="2025-05-13T16:40:38 IST" duration-ms="2443" status="PASS">
          <reporter-output>
          </reporter-output>
        </test-method> <!-- creatNewProgram -->
        <test-method signature="programSearch()[pri:0, instance:academiatestcases.TC02ProgramTestCases@7d0b7e3c]" started-at="2025-05-13T16:40:38 IST" name="programSearch" finished-at="2025-05-13T16:40:39 IST" depends-on-methods="academiatestcases.TC02ProgramTestCases.creatNewProgram" duration-ms="1012" status="PASS">
          <reporter-output>
          </reporter-output>
        </test-method> <!-- programSearch -->
        <test-method signature="creatNewProgramBatch()[pri:0, instance:academiatestcases.TC02ProgramTestCases@7d0b7e3c]" started-at="2025-05-13T16:40:39 IST" name="creatNewProgramBatch" finished-at="2025-05-13T16:40:40 IST" depends-on-methods="academiatestcases.TC02ProgramTestCases.programSearch" duration-ms="569" status="PASS">
          <reporter-output>
          </reporter-output>
        </test-method> <!-- creatNewProgramBatch -->
        <test-method signature="creatSeatcType()[pri:0, instance:academiatestcases.TC02ProgramTestCases@7d0b7e3c]" started-at="2025-05-13T16:40:40 IST" name="creatSeatcType" finished-at="2025-05-13T16:40:41 IST" depends-on-methods="academiatestcases.TC02ProgramTestCases.creatNewProgramBatch" duration-ms="497" status="PASS">
          <reporter-output>
          </reporter-output>
        </test-method> <!-- creatSeatcType -->
        <test-method signature="creatPeriod()[pri:0, instance:academiatestcases.TC02ProgramTestCases@7d0b7e3c]" started-at="2025-05-13T16:40:41 IST" name="creatPeriod" finished-at="2025-05-13T16:40:41 IST" depends-on-methods="academiatestcases.TC02ProgramTestCases.creatSeatcType" duration-ms="508" status="PASS">
          <reporter-output>
          </reporter-output>
        </test-method> <!-- creatPeriod -->
      </class> <!-- academiatestcases.TC02ProgramTestCases -->
    </test> <!-- Default test -->
  </suite> <!-- Default suite -->
</testng-results>
